{"uid":"a539f939fb3b0573","name":"WS-TC3 - Validate data field types","fullName":"WebSocket Book Channel Tests: WS-TC3 - Validate data field types","historyId":"fdb5665b8901b6aa36c7a7f0614f7482","time":{"start":1751040340031,"stop":1751040341732,"duration":1701},"status":"failed","statusMessage":"AssertionError: No book data to validate format\n","statusTrace":"  File \"/opt/hostedtoolcache/Python/3.10.18/x64/lib/python3.10/site-packages/behave/model.py\", line 1329, in run\n    match.run(runner.context)\n  File \"/opt/hostedtoolcache/Python/3.10.18/x64/lib/python3.10/site-packages/behave/matchers.py\", line 98, in run\n    self.func(context, *args, **kwargs)\n  File \"features/steps/ws_steps.py\", line 184, in step_then_ws_expected\n    assert_ws_tc3_validate_format(context)\n  File \"features/steps/ws_steps.py\", line 128, in assert_ws_tc3_validate_format\n    assert book_data, \"No book data to validate format\"\n","flaky":false,"newFailed":false,"newBroken":false,"newPassed":false,"retriesCount":0,"retriesStatusChange":false,"beforeStages":[],"testStage":{"status":"failed","statusMessage":"AssertionError: No book data to validate format\n","statusTrace":"  File \"/opt/hostedtoolcache/Python/3.10.18/x64/lib/python3.10/site-packages/behave/model.py\", line 1329, in run\n    match.run(runner.context)\n  File \"/opt/hostedtoolcache/Python/3.10.18/x64/lib/python3.10/site-packages/behave/matchers.py\", line 98, in run\n    self.func(context, *args, **kwargs)\n  File \"features/steps/ws_steps.py\", line 184, in step_then_ws_expected\n    assert_ws_tc3_validate_format(context)\n  File \"features/steps/ws_steps.py\", line 128, in assert_ws_tc3_validate_format\n    assert book_data, \"No book data to validate format\"\n","steps":[{"name":"Given WS test input \"BTC_USDT, depth=10\"","time":{"start":1751040340032,"stop":1751040341534,"duration":1502},"status":"passed","steps":[],"attachments":[{"uid":"b28312be7ba8e32f","name":"Sent Subscription","source":"b28312be7ba8e32f.json","type":"application/json","size":106}],"parameters":[],"shouldDisplayMessage":false,"stepsCount":0,"attachmentsCount":1,"hasContent":true,"attachmentStep":false},{"name":"Then WS expected result should be \"TC3\"","time":{"start":1751040341534,"stop":1751040341732,"duration":198},"status":"failed","statusMessage":"AssertionError: No book data to validate format\n","statusTrace":"  File \"/opt/hostedtoolcache/Python/3.10.18/x64/lib/python3.10/site-packages/behave/model.py\", line 1329, in run\n    match.run(runner.context)\n  File \"/opt/hostedtoolcache/Python/3.10.18/x64/lib/python3.10/site-packages/behave/matchers.py\", line 98, in run\n    self.func(context, *args, **kwargs)\n  File \"features/steps/ws_steps.py\", line 184, in step_then_ws_expected\n    assert_ws_tc3_validate_format(context)\n  File \"features/steps/ws_steps.py\", line 128, in assert_ws_tc3_validate_format\n    assert book_data, \"No book data to validate format\"\n","steps":[],"attachments":[{"uid":"d3d9a4cac485bc3f","name":"WS Assertion Error","source":"d3d9a4cac485bc3f.txt","type":"text/plain","size":63}],"parameters":[],"shouldDisplayMessage":true,"stepsCount":0,"attachmentsCount":1,"hasContent":true,"attachmentStep":false}],"attachments":[],"parameters":[],"shouldDisplayMessage":false,"stepsCount":2,"attachmentsCount":2,"hasContent":true,"attachmentStep":false},"afterStages":[],"labels":[{"name":"severity","value":"normal"},{"name":"feature","value":"WebSocket Book Channel Tests"},{"name":"framework","value":"behave"},{"name":"language","value":"cpython3"},{"name":"resultFormat","value":"allure2"}],"parameters":[],"links":[],"hidden":false,"retry":false,"extra":{"severity":"normal","retries":[],"categories":[{"name":"Product defects","matchedStatuses":[],"flaky":false}],"tags":[]},"source":"a539f939fb3b0573.json","parameterValues":[]}