{"uid":"8ab00d122e0a7378","name":"WS-TC6 - Validate bid/ask data not empty","fullName":"WebSocket Book Channel Tests: WS-TC6 - Validate bid/ask data not empty","historyId":"331c6d953a193dba0a8339b3b430e7cf","time":{"start":1751039903499,"stop":1751039905224,"duration":1725},"status":"failed","statusMessage":"AssertionError: Missing book_data\n","statusTrace":"  File \"/opt/hostedtoolcache/Python/3.10.18/x64/lib/python3.10/site-packages/behave/model.py\", line 1329, in run\n    match.run(runner.context)\n  File \"/opt/hostedtoolcache/Python/3.10.18/x64/lib/python3.10/site-packages/behave/matchers.py\", line 98, in run\n    self.func(context, *args, **kwargs)\n  File \"features/steps/ws_steps.py\", line 182, in step_then_ws_expected\n    assert_ws_tc6_bid_ask_not_empty(context)\n  File \"features/steps/ws_steps.py\", line 142, in assert_ws_tc6_bid_ask_not_empty\n    assert book_data, \"Missing book_data\"\n","flaky":false,"newFailed":false,"newBroken":false,"newPassed":false,"retriesCount":0,"retriesStatusChange":false,"beforeStages":[],"testStage":{"status":"failed","statusMessage":"AssertionError: Missing book_data\n","statusTrace":"  File \"/opt/hostedtoolcache/Python/3.10.18/x64/lib/python3.10/site-packages/behave/model.py\", line 1329, in run\n    match.run(runner.context)\n  File \"/opt/hostedtoolcache/Python/3.10.18/x64/lib/python3.10/site-packages/behave/matchers.py\", line 98, in run\n    self.func(context, *args, **kwargs)\n  File \"features/steps/ws_steps.py\", line 182, in step_then_ws_expected\n    assert_ws_tc6_bid_ask_not_empty(context)\n  File \"features/steps/ws_steps.py\", line 142, in assert_ws_tc6_bid_ask_not_empty\n    assert book_data, \"Missing book_data\"\n","steps":[{"name":"Given WS test input \"BTC_USDT, depth=10\"","time":{"start":1751039903500,"stop":1751039905002,"duration":1502},"status":"passed","steps":[],"attachments":[{"uid":"8617c1a77510772c","name":"Sent Subscription","source":"8617c1a77510772c.json","type":"application/json","size":106}],"parameters":[],"shouldDisplayMessage":false,"stepsCount":0,"attachmentsCount":1,"hasContent":true,"attachmentStep":false},{"name":"Then WS expected result should be \"TC6\"","time":{"start":1751039905002,"stop":1751039905223,"duration":221},"status":"failed","statusMessage":"AssertionError: Missing book_data\n","statusTrace":"  File \"/opt/hostedtoolcache/Python/3.10.18/x64/lib/python3.10/site-packages/behave/model.py\", line 1329, in run\n    match.run(runner.context)\n  File \"/opt/hostedtoolcache/Python/3.10.18/x64/lib/python3.10/site-packages/behave/matchers.py\", line 98, in run\n    self.func(context, *args, **kwargs)\n  File \"features/steps/ws_steps.py\", line 182, in step_then_ws_expected\n    assert_ws_tc6_bid_ask_not_empty(context)\n  File \"features/steps/ws_steps.py\", line 142, in assert_ws_tc6_bid_ask_not_empty\n    assert book_data, \"Missing book_data\"\n","steps":[],"attachments":[{"uid":"c17c075c03d49a02","name":"WS Assertion Error","source":"c17c075c03d49a02.txt","type":"text/plain","size":49}],"parameters":[],"shouldDisplayMessage":true,"stepsCount":0,"attachmentsCount":1,"hasContent":true,"attachmentStep":false}],"attachments":[],"parameters":[],"shouldDisplayMessage":false,"stepsCount":2,"attachmentsCount":2,"hasContent":true,"attachmentStep":false},"afterStages":[],"labels":[{"name":"severity","value":"normal"},{"name":"feature","value":"WebSocket Book Channel Tests"},{"name":"framework","value":"behave"},{"name":"language","value":"cpython3"},{"name":"resultFormat","value":"allure2"}],"parameters":[],"links":[],"hidden":false,"retry":false,"extra":{"severity":"normal","retries":[],"categories":[{"name":"Product defects","matchedStatuses":[],"flaky":false}],"tags":[]},"source":"8ab00d122e0a7378.json","parameterValues":[]}