{"uid":"ca5c78826a6d7f88","name":"WS-TC5 - Validate orderbook depth limit","fullName":"WebSocket Book Channel Tests: WS-TC5 - Validate orderbook depth limit","historyId":"950fdcaf6fb5f6d4021868939e12f85f","time":{"start":1751039901769,"stop":1751039903499,"duration":1730},"status":"failed","statusMessage":"AssertionError: Missing book_data\n","statusTrace":"  File \"/opt/hostedtoolcache/Python/3.10.18/x64/lib/python3.10/site-packages/behave/model.py\", line 1329, in run\n    match.run(runner.context)\n  File \"/opt/hostedtoolcache/Python/3.10.18/x64/lib/python3.10/site-packages/behave/matchers.py\", line 98, in run\n    self.func(context, *args, **kwargs)\n  File \"features/steps/ws_steps.py\", line 180, in step_then_ws_expected\n    assert_ws_tc5_depth_limit(context)\n  File \"features/steps/ws_steps.py\", line 136, in assert_ws_tc5_depth_limit\n    assert book_data, \"Missing book_data\"\n","flaky":false,"newFailed":false,"newBroken":false,"newPassed":false,"retriesCount":0,"retriesStatusChange":false,"beforeStages":[],"testStage":{"status":"failed","statusMessage":"AssertionError: Missing book_data\n","statusTrace":"  File \"/opt/hostedtoolcache/Python/3.10.18/x64/lib/python3.10/site-packages/behave/model.py\", line 1329, in run\n    match.run(runner.context)\n  File \"/opt/hostedtoolcache/Python/3.10.18/x64/lib/python3.10/site-packages/behave/matchers.py\", line 98, in run\n    self.func(context, *args, **kwargs)\n  File \"features/steps/ws_steps.py\", line 180, in step_then_ws_expected\n    assert_ws_tc5_depth_limit(context)\n  File \"features/steps/ws_steps.py\", line 136, in assert_ws_tc5_depth_limit\n    assert book_data, \"Missing book_data\"\n","steps":[{"name":"Given WS test input \"BTC_USDT, depth=5\"","time":{"start":1751039901770,"stop":1751039903272,"duration":1502},"status":"passed","steps":[],"attachments":[{"uid":"3b72c141e06b1458","name":"Sent Subscription","source":"3b72c141e06b1458.json","type":"application/json","size":105}],"parameters":[],"shouldDisplayMessage":false,"stepsCount":0,"attachmentsCount":1,"hasContent":true,"attachmentStep":false},{"name":"Then WS expected result should be \"TC5\"","time":{"start":1751039903272,"stop":1751039903498,"duration":226},"status":"failed","statusMessage":"AssertionError: Missing book_data\n","statusTrace":"  File \"/opt/hostedtoolcache/Python/3.10.18/x64/lib/python3.10/site-packages/behave/model.py\", line 1329, in run\n    match.run(runner.context)\n  File \"/opt/hostedtoolcache/Python/3.10.18/x64/lib/python3.10/site-packages/behave/matchers.py\", line 98, in run\n    self.func(context, *args, **kwargs)\n  File \"features/steps/ws_steps.py\", line 180, in step_then_ws_expected\n    assert_ws_tc5_depth_limit(context)\n  File \"features/steps/ws_steps.py\", line 136, in assert_ws_tc5_depth_limit\n    assert book_data, \"Missing book_data\"\n","steps":[],"attachments":[{"uid":"3b5759f90b48b5e7","name":"WS Assertion Error","source":"3b5759f90b48b5e7.txt","type":"text/plain","size":49}],"parameters":[],"shouldDisplayMessage":true,"stepsCount":0,"attachmentsCount":1,"hasContent":true,"attachmentStep":false}],"attachments":[],"parameters":[],"shouldDisplayMessage":false,"stepsCount":2,"attachmentsCount":2,"hasContent":true,"attachmentStep":false},"afterStages":[],"labels":[{"name":"severity","value":"normal"},{"name":"feature","value":"WebSocket Book Channel Tests"},{"name":"framework","value":"behave"},{"name":"language","value":"cpython3"},{"name":"resultFormat","value":"allure2"}],"parameters":[],"links":[],"hidden":false,"retry":false,"extra":{"severity":"normal","retries":[],"categories":[{"name":"Product defects","matchedStatuses":[],"flaky":false}],"tags":[]},"source":"ca5c78826a6d7f88.json","parameterValues":[]}